{
  "stats": {
    "suites": 1,
    "tests": 2,
    "passes": 1,
    "pending": 0,
    "failures": 1,
    "start": "2020-12-25T02:33:17.470Z",
    "end": "2020-12-25T02:33:49.991Z",
    "duration": 32521,
    "testsRegistered": 2,
    "passPercent": 50,
    "pendingPercent": 0,
    "other": 0,
    "hasOther": false,
    "skipped": 0,
    "hasSkipped": false
  },
  "results": [
    {
      "uuid": "a07c754a-87eb-4828-9f82-70e50616c288",
      "title": "",
      "fullFile": "cypress/integration/cadastro.feature",
      "file": "cypress/integration/cadastro.feature",
      "beforeHooks": [],
      "afterHooks": [],
      "tests": [],
      "suites": [
        {
          "uuid": "8308710c-db7c-45aa-be1c-c11d76e72917",
          "title": "Cadastro",
          "fullFile": "",
          "file": "",
          "beforeHooks": [],
          "afterHooks": [],
          "tests": [
            {
              "title": "Realizar o cadastro",
              "fullTitle": "Cadastro Realizar o cadastro",
              "timedOut": null,
              "duration": 14219,
              "state": "passed",
              "speed": "slow",
              "pass": true,
              "fail": false,
              "pending": false,
              "context": null,
              "code": "const state = window.testState;\nreturn cy\n  .then(() => state.onStartScenario(scenario, indexedSteps))\n  .then(() =>\n    resolveAndRunBeforeHooks.call(this, scenario.tags, state.feature.name)\n  )\n  .then(() =>\n    indexedSteps.forEach((step) =>\n      stepTest.call(this, state, step, rowData)\n    )\n  )\n  .then(() =>\n    resolveAndRunAfterHooks.call(this, scenario.tags, state.feature.name)\n  )\n  .then(() => state.onFinishScenario(scenario));",
              "err": {},
              "uuid": "7956c77c-c921-418b-97eb-16824d459d48",
              "parentUUID": "8308710c-db7c-45aa-be1c-c11d76e72917",
              "isHook": false,
              "skipped": false
            },
            {
              "title": "Preencher campos incorretamente",
              "fullTitle": "Cadastro Preencher campos incorretamente",
              "timedOut": null,
              "duration": 18100,
              "state": "failed",
              "speed": null,
              "pass": false,
              "fail": true,
              "pending": false,
              "context": "[\n  \"assets/cadastro.feature/Cadastro -- Preencher campos incorretamente (failed).png\",\n  \"videos/cadastro.feature.mp4\"\n]",
              "code": "const state = window.testState;\nreturn cy\n  .then(() => state.onStartScenario(scenario, indexedSteps))\n  .then(() =>\n    resolveAndRunBeforeHooks.call(this, scenario.tags, state.feature.name)\n  )\n  .then(() =>\n    indexedSteps.forEach((step) =>\n      stepTest.call(this, state, step, rowData)\n    )\n  )\n  .then(() =>\n    resolveAndRunAfterHooks.call(this, scenario.tags, state.feature.name)\n  )\n  .then(() => state.onFinishScenario(scenario));",
              "err": {
                "message": "AssertionError: Timed out retrying: expected 'http://demo.automationtesting.in/Register.html' to include 'Registr.html'",
                "estack": "AssertionError: Timed out retrying: expected 'http://demo.automationtesting.in/Register.html' to include 'Registr.html'\n    at cadastroPage.validarRefresh (http://demo.automationtesting.in/__cypress/tests?p=cypress/integration/cadastro.feature:238:16)\n    at Context.eval (http://demo.automationtesting.in/__cypress/tests?p=cypress/integration/cadastro.feature:275:16)\n    at Context.resolveAndRunStepDefinition (http://demo.automationtesting.in/__cypress/tests?p=cypress/integration/cadastro.feature:21693:9)\n    at Context.eval (http://demo.automationtesting.in/__cypress/tests?p=cypress/integration/cadastro.feature:21034:35)",
                "diff": null
              },
              "uuid": "3eed27cf-4c55-4658-bde6-a23393b7102a",
              "parentUUID": "8308710c-db7c-45aa-be1c-c11d76e72917",
              "isHook": false,
              "skipped": false
            }
          ],
          "suites": [],
          "passes": [
            "7956c77c-c921-418b-97eb-16824d459d48"
          ],
          "failures": [
            "3eed27cf-4c55-4658-bde6-a23393b7102a"
          ],
          "pending": [],
          "skipped": [],
          "duration": 32319,
          "root": false,
          "rootEmpty": false,
          "_timeout": 2000
        }
      ],
      "passes": [],
      "failures": [],
      "pending": [],
      "skipped": [],
      "duration": 0,
      "root": true,
      "rootEmpty": true,
      "_timeout": 2000
    }
  ],
  "meta": {
    "mocha": {
      "version": "7.0.1"
    },
    "mochawesome": {
      "options": {
        "quiet": true,
        "reportFilename": "mochawesome",
        "saveHtml": false,
        "saveJson": true,
        "consoleReporter": "spec",
        "useInlineDiffs": false,
        "code": true
      },
      "version": "6.2.1"
    },
    "marge": {
      "options": {
        "id": "default",
        "reportDir": "mochawesome-report",
        "quiet": true,
        "overwrite": false,
        "html": false,
        "json": true
      },
      "version": "5.1.0"
    }
  }
}