{
  "stats": {
    "suites": 1,
    "tests": 2,
    "passes": 0,
    "pending": 0,
    "failures": 2,
    "start": "2020-12-22T02:47:04.836Z",
    "end": "2020-12-22T02:47:39.420Z",
    "duration": 34584,
    "testsRegistered": 2,
    "passPercent": 0,
    "pendingPercent": 0,
    "other": 0,
    "hasOther": false,
    "skipped": 0,
    "hasSkipped": false
  },
  "results": [
    {
      "uuid": "d0f19630-7543-4c5d-a5e5-45669cd5db55",
      "title": "",
      "fullFile": "cypress/integration/cadastro.feature",
      "file": "cypress/integration/cadastro.feature",
      "beforeHooks": [],
      "afterHooks": [],
      "tests": [],
      "suites": [
        {
          "uuid": "233e79b5-7d45-4087-b88f-95768e1e5f06",
          "title": "Cadastro",
          "fullFile": "",
          "file": "",
          "beforeHooks": [],
          "afterHooks": [],
          "tests": [
            {
              "title": "Realizar o cadastro",
              "fullTitle": "Cadastro Realizar o cadastro",
              "timedOut": null,
              "duration": 12937,
              "state": "failed",
              "speed": null,
              "pass": false,
              "fail": true,
              "pending": false,
              "context": null,
              "code": "const state = window.testState;\nreturn cy\n  .then(() => state.onStartScenario(scenario, indexedSteps))\n  .then(() =>\n    resolveAndRunBeforeHooks.call(this, scenario.tags, state.feature.name)\n  )\n  .then(() =>\n    indexedSteps.forEach((step) =>\n      stepTest.call(this, state, step, rowData)\n    )\n  )\n  .then(() =>\n    resolveAndRunAfterHooks.call(this, scenario.tags, state.feature.name)\n  )\n  .then(() => state.onFinishScenario(scenario));",
              "err": {
                "message": "AssertionError: Timed out retrying: expected 'http://demo.automationtesting.in/Register.html' to include 'WebTable.html'",
                "estack": "AssertionError: Timed out retrying: expected 'http://demo.automationtesting.in/Register.html' to include 'WebTable.html'\n    at cadastroPage.validarCadastro (http://demo.automationtesting.in/__cypress/tests?p=cypress/integration/cadastro.feature:206:16)\n    at Context.eval (http://demo.automationtesting.in/__cypress/tests?p=cypress/integration/cadastro.feature:269:16)\n    at Context.resolveAndRunStepDefinition (http://demo.automationtesting.in/__cypress/tests?p=cypress/integration/cadastro.feature:21693:9)\n    at Context.eval (http://demo.automationtesting.in/__cypress/tests?p=cypress/integration/cadastro.feature:21034:35)",
                "diff": null
              },
              "uuid": "8a860e5a-7684-4b2a-9e6c-9b48ceb4d650",
              "parentUUID": "233e79b5-7d45-4087-b88f-95768e1e5f06",
              "isHook": false,
              "skipped": false
            },
            {
              "title": "Preencher campos incorretamente",
              "fullTitle": "Cadastro Preencher campos incorretamente",
              "timedOut": null,
              "duration": 21499,
              "state": "failed",
              "speed": null,
              "pass": false,
              "fail": true,
              "pending": false,
              "context": null,
              "code": "const state = window.testState;\nreturn cy\n  .then(() => state.onStartScenario(scenario, indexedSteps))\n  .then(() =>\n    resolveAndRunBeforeHooks.call(this, scenario.tags, state.feature.name)\n  )\n  .then(() =>\n    indexedSteps.forEach((step) =>\n      stepTest.call(this, state, step, rowData)\n    )\n  )\n  .then(() =>\n    resolveAndRunAfterHooks.call(this, scenario.tags, state.feature.name)\n  )\n  .then(() => state.onFinishScenario(scenario));",
              "err": {
                "message": "AssertionError: Timed out retrying: expected 'http://demo.automationtesting.in/Register.html' to include 'Registr.html'",
                "estack": "AssertionError: Timed out retrying: expected 'http://demo.automationtesting.in/Register.html' to include 'Registr.html'\n    at cadastroPage.validarRefresh (http://demo.automationtesting.in/__cypress/tests?p=cypress/integration/cadastro.feature:238:16)\n    at Context.eval (http://demo.automationtesting.in/__cypress/tests?p=cypress/integration/cadastro.feature:275:16)\n    at Context.resolveAndRunStepDefinition (http://demo.automationtesting.in/__cypress/tests?p=cypress/integration/cadastro.feature:21693:9)\n    at Context.eval (http://demo.automationtesting.in/__cypress/tests?p=cypress/integration/cadastro.feature:21034:35)",
                "diff": null
              },
              "uuid": "547dd522-332e-4647-9c07-d4e8fa20ec86",
              "parentUUID": "233e79b5-7d45-4087-b88f-95768e1e5f06",
              "isHook": false,
              "skipped": false
            }
          ],
          "suites": [],
          "passes": [],
          "failures": [
            "8a860e5a-7684-4b2a-9e6c-9b48ceb4d650",
            "547dd522-332e-4647-9c07-d4e8fa20ec86"
          ],
          "pending": [],
          "skipped": [],
          "duration": 34436,
          "root": false,
          "rootEmpty": false,
          "_timeout": 2000
        }
      ],
      "passes": [],
      "failures": [],
      "pending": [],
      "skipped": [],
      "duration": 0,
      "root": true,
      "rootEmpty": true,
      "_timeout": 2000
    }
  ],
  "meta": {
    "mocha": {
      "version": "7.0.1"
    },
    "mochawesome": {
      "options": {
        "quiet": true,
        "reportFilename": "mochawesome",
        "saveHtml": false,
        "saveJson": true,
        "consoleReporter": "spec",
        "useInlineDiffs": false,
        "code": true
      },
      "version": "6.2.1"
    },
    "marge": {
      "options": {
        "id": "default",
        "reportDir": "mochawesome-report",
        "quiet": true,
        "overwrite": false,
        "html": false,
        "json": true
      },
      "version": "5.1.0"
    }
  }
}